<?xml version="1.0" encoding="UTF-8"?>
<testng-results ignored="0" total="1" passed="1" failed="0" skipped="0">
  <reporter-output>
  </reporter-output>
  <suite started-at="2023-02-15T02:34:42 IST" name="Default suite" finished-at="2023-02-15T02:34:55 IST" duration-ms="12662">
    <groups>
    </groups>
    <test started-at="2023-02-15T02:34:42 IST" name="Default test" finished-at="2023-02-15T02:34:55 IST" duration-ms="12662">
      <class name="Scraping.scrape_learning">
        <test-method is-config="true" signature="setup()[pri:0, instance:Scraping.scrape_learning@4b741d6d]" started-at="2023-02-15T02:34:42 IST" name="setup" finished-at="2023-02-15T02:34:51 IST" duration-ms="8409" status="PASS">
          <reporter-output>
          </reporter-output>
        </test-method> <!-- setup -->
        <test-method signature="webscrapetest()[pri:0, instance:Scraping.scrape_learning@4b741d6d]" started-at="2023-02-15T02:34:51 IST" name="webscrapetest" finished-at="2023-02-15T02:34:55 IST" duration-ms="4199" status="PASS">
          <reporter-output>
          </reporter-output>
        </test-method> <!-- webscrapetest -->
      </class> <!-- Scraping.scrape_learning -->
    </test> <!-- Default test -->
  </suite> <!-- Default suite -->
</testng-results>
